8273:Rocky Raccoon:08.10.17:D:520.00
1902:Nancy Magill:08.10.29:D:770
8273:Rocky Raccoon:08.11.01:W:20.00
1902:Nancy Magill:08.11.14:W:51
8273:Rocky Raccoon:08.11.17:W:60.00
5883:Rocky Raccoon:08.11.17:D:60.00
4224:Penny Lane:08.11.28:W:20.00
1234:Andrew:17.12.04:D:0
1234:Andrew:17.12.04:D:123.0
12345:Andrew Yaros:17.12.04:D:0
12345:Andrew Yaros:17.12.04:D:212430.0
12345:Andrew Yaros:17.12.04:D:245.19
12345:Andrew Yaros:17.12.04:W:5000.0
12345:Andrew Yaros:17.12.04:D:1000000.0
1902:Nancy Magill:17.12.04:D:5000.0
4224:Penny Lane:17.12.04:W:4000.0
12341:Laurel:17.12.04:D:0
12341:Laurel:17.12.04:D:10000.0
31337:ELITE HAXXOR:17.12.06:D:0
31337:ELITE HAXXOR:17.12.06:D:3133.73
31337:ELITE HAXXOR:17.12.06:W:1230.0
31337:ELITE HAXXOR:17.12.06:D:10023.0
31337:ELITE HAXXOR:17.12.06:W:353.0
31337:ELITE HAXXOR:17.12.06:D:1320.0
1234:Andrew:17.12.06:D:1023.0
12345:Andrew Yaros:17.12.06:D:1.0
12345:Andrew Yaros:17.12.06:W:123.0
12345:Andrew Yaros:17.12.06:W:645.0
0123:b:17.12.06:D:0
123:n:17.12.06:D:0
